<?xml version="1.0" encoding="UTF-8"?>
<!-- Generated by org.testng.reporters.JUnitReportReporter -->
<testsuite skipped="0" hostname="qtlsys0-226" name="tests.QCStore" tests="1" failures="0" timestamp="22 Jul 2019 12:53:08 GMT" time="171.221" errors="0">
  <testcase name="QC_PDL_Refinance_Weekly_StepDown1_Txn_Testdata" time="171.221" classname="tests.QCStore"/>
</testsuite> <!-- tests.QCStore -->
