<?xml version="1.0" encoding="UTF-8"?>
<!-- Generated by org.testng.reporters.JUnitReportReporter -->
<testsuite skipped="0" hostname="QTLSYS0-223" name="tests.QCStore" tests="3" failures="0" timestamp="18 Jul 2020 04:43:32 GMT" time="1728.399" errors="0">
  <testcase name="PDL_Deposit_Cardonfile" time="632.514" classname="tests.QCStore"/>
  <testcase name="ILP_Deposit_Cardonfile" time="512.215" classname="tests.QCStore"/>
  <testcase name="TLP_Deposit_Cardonfile" time="583.670" classname="tests.QCStore"/>
</testsuite> <!-- tests.QCStore -->
